<?xml version="1.0" encoding="UTF-8"?>
<testng-results ignored="0" total="1" passed="1" failed="0" skipped="0">
  <reporter-output>
  </reporter-output>
  <suite started-at="2021-04-23T16:59:39 EEST" name="Default suite" finished-at="2021-04-23T16:59:44 EEST" duration-ms="5306">
    <groups>
    </groups>
    <test started-at="2021-04-23T16:59:39 EEST" name="Default test" finished-at="2021-04-23T16:59:44 EEST" duration-ms="5306">
      <class name="tests.LoginTest">
        <test-method is-config="true" signature="beforeMethod()[pri:0, instance:tests.LoginTest@366647c2]" started-at="2021-04-23T16:59:39 EEST" name="beforeMethod" finished-at="2021-04-23T16:59:43 EEST" duration-ms="4232" status="PASS">
          <reporter-output>
          </reporter-output>
        </test-method> <!-- beforeMethod -->
        <test-method signature="Login()[pri:0, instance:tests.LoginTest@366647c2]" started-at="2021-04-23T16:59:43 EEST" name="Login" finished-at="2021-04-23T16:59:44 EEST" duration-ms="1043" status="PASS">
          <reporter-output>
          </reporter-output>
        </test-method> <!-- Login -->
        <test-method is-config="true" signature="afterMethod()[pri:0, instance:tests.LoginTest@366647c2]" started-at="2021-04-23T16:59:44 EEST" name="afterMethod" finished-at="2021-04-23T16:59:44 EEST" duration-ms="0" status="PASS">
          <reporter-output>
          </reporter-output>
        </test-method> <!-- afterMethod -->
      </class> <!-- tests.LoginTest -->
    </test> <!-- Default test -->
  </suite> <!-- Default suite -->
</testng-results>
